<?xml version="1.0" encoding="UTF-8"?>
<!-- Generated by org.testng.reporters.JUnitReportReporter -->
<testsuite hostname="POOJA" failures="0" tests="1" name="test.mySiteBook.testMySiteBook" time="42.908" errors="0" timestamp="2024-06-19T17:49:02 IST" skipped="0">
  <testcase classname="test.mySiteBook.testMySiteBook" name="validation" time="42.908"/>
  <system-out/>
</testsuite> <!-- test.mySiteBook.testMySiteBook -->
