<?xml version="1.0" encoding="UTF-8"?>
<!-- Generated by org.testng.reporters.JUnitReportReporter -->
<testsuite hostname="POOJA" failures="0" tests="1" name="test.mySiteBook.testMySiteBook" time="69.307" errors="0" timestamp="2024-06-21T11:32:43 IST" skipped="0">
  <testcase classname="test.mySiteBook.testMySiteBook" name="validation" time="69.307"/>
  <system-out/>
</testsuite> <!-- test.mySiteBook.testMySiteBook -->
